<?xml version="1.0" encoding="UTF-8"?>
<!-- Generated by org.testng.reporters.JUnitXMLReporter -->
<testsuite ignored="0" hostname="192-168-1-104.tpgi.com.au" failures="0" tests="8" name="Surefire test" time="20.927" errors="0" timestamp="2021-11-24T19:06:14 AEDT">
  <testcase classname="Test01_Application_Authorisation" name="test_application_authorisation_get" time="5.367"/>
  <testcase classname="Test01_Application_Authorisation" name="test_application_authorisation_post" time="1.733"/>
  <testcase classname="Test01_Application_Authorisation" name="test_user_authentication_login_post" time="3.13"/>
  <testcase classname="Test01_Application_Authorisation" name="test_user_authentication_register_post" time="1.609"/>
  <testcase classname="Test01_Application_Authorisation" name="test_user_leaderboard_add_new_user_post" time="2.997"/>
  <testcase classname="Test01_Application_Authorisation" name="test_user_leaderboard_delete_users" time="1.433"/>
  <testcase classname="Test01_Application_Authorisation" name="test_user_leaderboard_return_list_users_get" time="2.865"/>
  <testcase classname="Test01_Application_Authorisation" name="test_user_leaderboard_update_user_post" time="1.743"/>
</testsuite> <!-- Surefire test -->
