<?xml version="1.0" encoding="UTF-8"?>
<testsuite xmlns:xsi="http://www.w3.org/2001/XMLSchema-instance" xsi:noNamespaceSchemaLocation="https://maven.apache.org/surefire/maven-surefire-plugin/xsd/surefire-test-report-3.0.xsd" version="3.0" name="Test01_Application_Authorisation" time="21.659" tests="8" errors="0" skipped="0" failures="0">
  <properties>
[...]
</properties>
  <testcase name="test_application_authorisation_get" classname="Test01_Application_Authorisation" time="5.367"/>
  <testcase name="test_application_authorisation_post" classname="Test01_Application_Authorisation" time="1.732"/>
  <testcase name="test_user_authentication_login_post" classname="Test01_Application_Authorisation" time="3.13"/>
  <testcase name="test_user_authentication_register_post" classname="Test01_Application_Authorisation" time="1.609"/>
  <testcase name="test_user_leaderboard_add_new_user_post" classname="Test01_Application_Authorisation" time="2.997"/>
  <testcase name="test_user_leaderboard_delete_users" classname="Test01_Application_Authorisation" time="1.434"/>
  <testcase name="test_user_leaderboard_return_list_users_get" classname="Test01_Application_Authorisation" time="2.866"/>
  <testcase name="test_user_leaderboard_update_user_post" classname="Test01_Application_Authorisation" time="1.744"/>
</testsuite>